\BOOKMARK [0][-]{chapter.1}{\376\377\0001\000\040\000D\000a\000t\000a\000\040\000S\000t\000r\000u\000c\000t\000u\000r\000e\000\040\000I\000n\000d\000e\000x}{}% 1
\BOOKMARK [1][-]{section.1.1}{\376\377\0001\000.\0001\000\040\000D\000a\000t\000a\000\040\000S\000t\000r\000u\000c\000t\000u\000r\000e\000s}{chapter.1}% 2
\BOOKMARK [0][-]{chapter.2}{\376\377\0002\000\040\000F\000i\000l\000e\000\040\000I\000n\000d\000e\000x}{}% 3
\BOOKMARK [1][-]{section.2.1}{\376\377\0002\000.\0001\000\040\000F\000i\000l\000e\000\040\000L\000i\000s\000t}{chapter.2}% 4
\BOOKMARK [0][-]{chapter.3}{\376\377\0003\000\040\000D\000a\000t\000a\000\040\000S\000t\000r\000u\000c\000t\000u\000r\000e\000\040\000D\000o\000c\000u\000m\000e\000n\000t\000a\000t\000i\000o\000n}{}% 5
\BOOKMARK [1][-]{section.3.1}{\376\377\0003\000.\0001\000\040\000g\000p\000s\000\137\000d\000a\000t\000a\000\040\000S\000t\000r\000u\000c\000t\000\040\000R\000e\000f\000e\000r\000e\000n\000c\000e}{chapter.3}% 6
\BOOKMARK [2][-]{subsection.3.1.1}{\376\377\0003\000.\0001\000.\0001\000\040\000D\000e\000t\000a\000i\000l\000e\000d\000\040\000D\000e\000s\000c\000r\000i\000p\000t\000i\000o\000n}{section.3.1}% 7
\BOOKMARK [1][-]{section.3.2}{\376\377\0003\000.\0002\000\040\000n\000m\000e\000a\000\137\000s\000e\000n\000t\000e\000n\000c\000e\000\137\000g\000g\000a\000\040\000S\000t\000r\000u\000c\000t\000\040\000R\000e\000f\000e\000r\000e\000n\000c\000e}{chapter.3}% 8
\BOOKMARK [2][-]{subsection.3.2.1}{\376\377\0003\000.\0002\000.\0001\000\040\000D\000e\000t\000a\000i\000l\000e\000d\000\040\000D\000e\000s\000c\000r\000i\000p\000t\000i\000o\000n}{section.3.2}% 9
\BOOKMARK [1][-]{section.3.3}{\376\377\0003\000.\0003\000\040\000n\000m\000e\000a\000\137\000s\000e\000n\000t\000e\000n\000c\000e\000\137\000r\000m\000c\000\040\000S\000t\000r\000u\000c\000t\000\040\000R\000e\000f\000e\000r\000e\000n\000c\000e}{chapter.3}% 10
\BOOKMARK [2][-]{subsection.3.3.1}{\376\377\0003\000.\0003\000.\0001\000\040\000D\000e\000t\000a\000i\000l\000e\000d\000\040\000D\000e\000s\000c\000r\000i\000p\000t\000i\000o\000n}{section.3.3}% 11
\BOOKMARK [0][-]{chapter.4}{\376\377\0004\000\040\000F\000i\000l\000e\000\040\000D\000o\000c\000u\000m\000e\000n\000t\000a\000t\000i\000o\000n}{}% 12
\BOOKMARK [1][-]{section.4.1}{\376\377\0004\000.\0001\000\040\000g\000p\000s\000.\000c\000\040\000F\000i\000l\000e\000\040\000R\000e\000f\000e\000r\000e\000n\000c\000e}{chapter.4}% 13
\BOOKMARK [2][-]{subsection.4.1.1}{\376\377\0004\000.\0001\000.\0001\000\040\000D\000e\000t\000a\000i\000l\000e\000d\000\040\000D\000e\000s\000c\000r\000i\000p\000t\000i\000o\000n}{section.4.1}% 14
\BOOKMARK [2][-]{subsection.4.1.2}{\376\377\0004\000.\0001\000.\0002\000\040\000F\000u\000n\000c\000t\000i\000o\000n\000\040\000D\000o\000c\000u\000m\000e\000n\000t\000a\000t\000i\000o\000n}{section.4.1}% 15
\BOOKMARK [3][-]{subsubsection.4.1.2.1}{\376\377\0004\000.\0001\000.\0002\000.\0001\000\040\000c\000a\000l\000c\000D\000i\000s\000t\000a\000n\000c\000e\000\050\000f\000l\000o\000a\000t\000\040\000l\000a\000t\0001\000,\000\040\000f\000l\000o\000a\000t\000\040\000l\000o\000n\0001\000,\000\040\000f\000l\000o\000a\000t\000\040\000l\000a\000t\0002\000,\000\040\000f\000l\000o\000a\000t\000\040\000l\000o\000n\0002\000\051}{subsection.4.1.2}% 16
\BOOKMARK [3][-]{subsubsection.4.1.2.2}{\376\377\0004\000.\0001\000.\0002\000.\0002\000\040\000d\000e\000g\0002\000r\000a\000d\000\050\000f\000l\000o\000a\000t\000\040\000d\000e\000g\000\051}{subsection.4.1.2}% 17
\BOOKMARK [3][-]{subsubsection.4.1.2.3}{\376\377\0004\000.\0001\000.\0002\000.\0003\000\040\000g\000p\000s\000S\000e\000n\000d\000\050\000c\000h\000a\000r\000\040\000*\000m\000e\000s\000s\000a\000g\000e\000\051}{subsection.4.1.2}% 18
\BOOKMARK [3][-]{subsubsection.4.1.2.4}{\376\377\0004\000.\0001\000.\0002\000.\0004\000\040\000t\000o\000g\000g\000l\000e\000G\000P\000S\000\050\000u\000n\000s\000i\000g\000n\000e\000d\000\040\000i\000n\000t\000\040\000s\000t\000a\000t\000e\000\051}{subsection.4.1.2}% 19
\BOOKMARK [3][-]{subsubsection.4.1.2.5}{\376\377\0004\000.\0001\000.\0002\000.\0005\000\040\000t\000o\000g\000g\000l\000e\000G\000P\000S\000I\000n\000t\000e\000r\000r\000u\000p\000t\000\050\000u\000n\000s\000i\000g\000n\000e\000d\000\040\000i\000n\000t\000\040\000s\000t\000a\000t\000e\000\051}{subsection.4.1.2}% 20
\BOOKMARK [2][-]{subsection.4.1.3}{\376\377\0004\000.\0001\000.\0003\000\040\000V\000a\000r\000i\000a\000b\000l\000e\000\040\000D\000o\000c\000u\000m\000e\000n\000t\000a\000t\000i\000o\000n}{section.4.1}% 21
\BOOKMARK [3][-]{subsubsection.4.1.3.1}{\376\377\0004\000.\0001\000.\0003\000.\0001\000\040\000d\000a\000t\000a\000V\000a\000l\000i\000d}{subsection.4.1.3}% 22
\BOOKMARK [3][-]{subsubsection.4.1.3.2}{\376\377\0004\000.\0001\000.\0003\000.\0002\000\040\000G\000P\000S\000D\000a\000t\000a}{subsection.4.1.3}% 23
\BOOKMARK [1][-]{section.4.2}{\376\377\0004\000.\0002\000\040\000g\000p\000s\000.\000h\000\040\000F\000i\000l\000e\000\040\000R\000e\000f\000e\000r\000e\000n\000c\000e}{chapter.4}% 24
\BOOKMARK [2][-]{subsection.4.2.1}{\376\377\0004\000.\0002\000.\0001\000\040\000D\000e\000t\000a\000i\000l\000e\000d\000\040\000D\000e\000s\000c\000r\000i\000p\000t\000i\000o\000n}{section.4.2}% 25
\BOOKMARK [2][-]{subsection.4.2.2}{\376\377\0004\000.\0002\000.\0002\000\040\000T\000y\000p\000e\000d\000e\000f\000\040\000D\000o\000c\000u\000m\000e\000n\000t\000a\000t\000i\000o\000n}{section.4.2}% 26
\BOOKMARK [3][-]{subsubsection.4.2.2.1}{\376\377\0004\000.\0002\000.\0002\000.\0001\000\040\000g\000p\000s\000d\000a\000t\000a}{subsection.4.2.2}% 27
\BOOKMARK [2][-]{subsection.4.2.3}{\376\377\0004\000.\0002\000.\0003\000\040\000F\000u\000n\000c\000t\000i\000o\000n\000\040\000D\000o\000c\000u\000m\000e\000n\000t\000a\000t\000i\000o\000n}{section.4.2}% 28
\BOOKMARK [3][-]{subsubsection.4.2.3.1}{\376\377\0004\000.\0002\000.\0003\000.\0001\000\040\000c\000a\000l\000c\000D\000i\000s\000t\000a\000n\000c\000e\000\050\000f\000l\000o\000a\000t\000\040\000l\000a\000t\0001\000,\000\040\000f\000l\000o\000a\000t\000\040\000l\000o\000n\0001\000,\000\040\000f\000l\000o\000a\000t\000\040\000l\000a\000t\0002\000,\000\040\000f\000l\000o\000a\000t\000\040\000l\000o\000n\0002\000\051}{subsection.4.2.3}% 29
\BOOKMARK [3][-]{subsubsection.4.2.3.2}{\376\377\0004\000.\0002\000.\0003\000.\0002\000\040\000d\000e\000g\0002\000r\000a\000d\000\050\000f\000l\000o\000a\000t\000\040\000d\000e\000g\000\051}{subsection.4.2.3}% 30
\BOOKMARK [3][-]{subsubsection.4.2.3.3}{\376\377\0004\000.\0002\000.\0003\000.\0003\000\040\000g\000p\000s\000S\000e\000n\000d\000\050\000c\000h\000a\000r\000\040\000*\000m\000e\000s\000s\000a\000g\000e\000\051}{subsection.4.2.3}% 31
\BOOKMARK [3][-]{subsubsection.4.2.3.4}{\376\377\0004\000.\0002\000.\0003\000.\0004\000\040\000t\000o\000g\000g\000l\000e\000G\000P\000S\000\050\000u\000n\000s\000i\000g\000n\000e\000d\000\040\000i\000n\000t\000\040\000s\000t\000a\000t\000e\000\051}{subsection.4.2.3}% 32
\BOOKMARK [3][-]{subsubsection.4.2.3.5}{\376\377\0004\000.\0002\000.\0003\000.\0005\000\040\000t\000o\000g\000g\000l\000e\000G\000P\000S\000I\000n\000t\000e\000r\000r\000u\000p\000t\000\050\000u\000n\000s\000i\000g\000n\000e\000d\000\040\000i\000n\000t\000\040\000s\000t\000a\000t\000e\000\051}{subsection.4.2.3}% 33
\BOOKMARK [2][-]{subsection.4.2.4}{\376\377\0004\000.\0002\000.\0004\000\040\000V\000a\000r\000i\000a\000b\000l\000e\000\040\000D\000o\000c\000u\000m\000e\000n\000t\000a\000t\000i\000o\000n}{section.4.2}% 34
\BOOKMARK [3][-]{subsubsection.4.2.4.1}{\376\377\0004\000.\0002\000.\0004\000.\0001\000\040\000d\000a\000t\000a\000V\000a\000l\000i\000d}{subsection.4.2.4}% 35
\BOOKMARK [3][-]{subsubsection.4.2.4.2}{\376\377\0004\000.\0002\000.\0004\000.\0002\000\040\000G\000P\000S\000D\000a\000t\000a}{subsection.4.2.4}% 36
\BOOKMARK [1][-]{section.4.3}{\376\377\0004\000.\0003\000\040\000l\000e\000d\000.\000c\000\040\000F\000i\000l\000e\000\040\000R\000e\000f\000e\000r\000e\000n\000c\000e}{chapter.4}% 37
\BOOKMARK [2][-]{subsection.4.3.1}{\376\377\0004\000.\0003\000.\0001\000\040\000D\000e\000t\000a\000i\000l\000e\000d\000\040\000D\000e\000s\000c\000r\000i\000p\000t\000i\000o\000n}{section.4.3}% 38
\BOOKMARK [2][-]{subsection.4.3.2}{\376\377\0004\000.\0003\000.\0002\000\040\000F\000u\000n\000c\000t\000i\000o\000n\000\040\000D\000o\000c\000u\000m\000e\000n\000t\000a\000t\000i\000o\000n}{section.4.3}% 39
\BOOKMARK [3][-]{subsubsection.4.3.2.1}{\376\377\0004\000.\0003\000.\0002\000.\0001\000\040\000i\000n\000i\000t\000L\000E\000D\000\050\000v\000o\000i\000d\000\051}{subsection.4.3.2}% 40
\BOOKMARK [3][-]{subsubsection.4.3.2.2}{\376\377\0004\000.\0003\000.\0002\000.\0002\000\040\000t\000o\000g\000g\000l\000e\000L\000E\000D\000\050\000i\000n\000t\000\040\000n\000,\000\040\000u\000n\000s\000i\000g\000n\000e\000d\000\040\000i\000n\000t\000\040\000s\000t\000a\000t\000e\000,\000\040\000u\000n\000s\000i\000g\000n\000e\000d\000\040\000i\000n\000t\000\040\000d\000u\000r\000a\000t\000i\000o\000n\000\051}{subsection.4.3.2}% 41
\BOOKMARK [1][-]{section.4.4}{\376\377\0004\000.\0004\000\040\000l\000e\000d\000.\000h\000\040\000F\000i\000l\000e\000\040\000R\000e\000f\000e\000r\000e\000n\000c\000e}{chapter.4}% 42
\BOOKMARK [2][-]{subsection.4.4.1}{\376\377\0004\000.\0004\000.\0001\000\040\000D\000e\000t\000a\000i\000l\000e\000d\000\040\000D\000e\000s\000c\000r\000i\000p\000t\000i\000o\000n}{section.4.4}% 43
\BOOKMARK [2][-]{subsection.4.4.2}{\376\377\0004\000.\0004\000.\0002\000\040\000F\000u\000n\000c\000t\000i\000o\000n\000\040\000D\000o\000c\000u\000m\000e\000n\000t\000a\000t\000i\000o\000n}{section.4.4}% 44
\BOOKMARK [3][-]{subsubsection.4.4.2.1}{\376\377\0004\000.\0004\000.\0002\000.\0001\000\040\000i\000n\000i\000t\000L\000E\000D\000\050\000v\000o\000i\000d\000\051}{subsection.4.4.2}% 45
\BOOKMARK [3][-]{subsubsection.4.4.2.2}{\376\377\0004\000.\0004\000.\0002\000.\0002\000\040\000t\000o\000g\000g\000l\000e\000L\000E\000D\000\050\000i\000n\000t\000\040\000n\000,\000\040\000u\000n\000s\000i\000g\000n\000e\000d\000\040\000i\000n\000t\000\040\000s\000t\000a\000t\000e\000,\000\040\000u\000n\000s\000i\000g\000n\000e\000d\000\040\000i\000n\000t\000\040\000d\000u\000r\000a\000t\000i\000o\000n\000\051}{subsection.4.4.2}% 46
\BOOKMARK [1][-]{section.4.5}{\376\377\0004\000.\0005\000\040\000m\000a\000i\000n\000.\000c\000\040\000F\000i\000l\000e\000\040\000R\000e\000f\000e\000r\000e\000n\000c\000e}{chapter.4}% 47
\BOOKMARK [2][-]{subsection.4.5.1}{\376\377\0004\000.\0005\000.\0001\000\040\000D\000e\000t\000a\000i\000l\000e\000d\000\040\000D\000e\000s\000c\000r\000i\000p\000t\000i\000o\000n}{section.4.5}% 48
\BOOKMARK [2][-]{subsection.4.5.2}{\376\377\0004\000.\0005\000.\0002\000\040\000F\000u\000n\000c\000t\000i\000o\000n\000\040\000D\000o\000c\000u\000m\000e\000n\000t\000a\000t\000i\000o\000n}{section.4.5}% 49
\BOOKMARK [3][-]{subsubsection.4.5.2.1}{\376\377\0004\000.\0005\000.\0002\000.\0001\000\040\000d\000e\000l\000a\000y\000\050\000f\000l\000o\000a\000t\000\040\000x\000\051}{subsection.4.5.2}% 50
\BOOKMARK [3][-]{subsubsection.4.5.2.2}{\376\377\0004\000.\0005\000.\0002\000.\0002\000\040\000m\000a\000i\000n\000\050\000v\000o\000i\000d\000\051}{subsection.4.5.2}% 51
\BOOKMARK [3][-]{subsubsection.4.5.2.3}{\376\377\0004\000.\0005\000.\0002\000.\0003\000\040\000t\000o\000g\000g\000l\000e\000C\000o\000m\000m\000u\000n\000i\000c\000a\000t\000i\000o\000n\000\050\000u\000n\000s\000i\000g\000n\000e\000d\000\040\000i\000n\000t\000\040\000s\000t\000a\000t\000e\000\051}{subsection.4.5.2}% 52
\BOOKMARK [2][-]{subsection.4.5.3}{\376\377\0004\000.\0005\000.\0003\000\040\000V\000a\000r\000i\000a\000b\000l\000e\000\040\000D\000o\000c\000u\000m\000e\000n\000t\000a\000t\000i\000o\000n}{section.4.5}% 53
\BOOKMARK [3][-]{subsubsection.4.5.3.1}{\376\377\0004\000.\0005\000.\0003\000.\0001\000\040\000m\000o\000d\000e\000S\000e\000l\000e\000c\000t\000e\000d}{subsection.4.5.3}% 54
\BOOKMARK [1][-]{section.4.6}{\376\377\0004\000.\0006\000\040\000m\000a\000i\000n\000.\000h\000\040\000F\000i\000l\000e\000\040\000R\000e\000f\000e\000r\000e\000n\000c\000e}{chapter.4}% 55
\BOOKMARK [2][-]{subsection.4.6.1}{\376\377\0004\000.\0006\000.\0001\000\040\000D\000e\000t\000a\000i\000l\000e\000d\000\040\000D\000e\000s\000c\000r\000i\000p\000t\000i\000o\000n}{section.4.6}% 56
\BOOKMARK [2][-]{subsection.4.6.2}{\376\377\0004\000.\0006\000.\0002\000\040\000F\000u\000n\000c\000t\000i\000o\000n\000\040\000D\000o\000c\000u\000m\000e\000n\000t\000a\000t\000i\000o\000n}{section.4.6}% 57
\BOOKMARK [3][-]{subsubsection.4.6.2.1}{\376\377\0004\000.\0006\000.\0002\000.\0001\000\040\000d\000e\000l\000a\000y\000\050\000f\000l\000o\000a\000t\000\040\000x\000\051}{subsection.4.6.2}% 58
\BOOKMARK [3][-]{subsubsection.4.6.2.2}{\376\377\0004\000.\0006\000.\0002\000.\0002\000\040\000t\000o\000g\000g\000l\000e\000C\000o\000m\000m\000u\000n\000i\000c\000a\000t\000i\000o\000n\000\050\000u\000n\000s\000i\000g\000n\000e\000d\000\040\000i\000n\000t\000\040\000s\000t\000a\000t\000e\000\051}{subsection.4.6.2}% 59
\BOOKMARK [2][-]{subsection.4.6.3}{\376\377\0004\000.\0006\000.\0003\000\040\000V\000a\000r\000i\000a\000b\000l\000e\000\040\000D\000o\000c\000u\000m\000e\000n\000t\000a\000t\000i\000o\000n}{section.4.6}% 60
\BOOKMARK [3][-]{subsubsection.4.6.3.1}{\376\377\0004\000.\0006\000.\0003\000.\0001\000\040\000m\000o\000d\000e\000S\000e\000l\000e\000c\000t\000e\000d}{subsection.4.6.3}% 61
\BOOKMARK [1][-]{section.4.7}{\376\377\0004\000.\0007\000\040\000o\000l\000e\000d\000.\000c\000\040\000F\000i\000l\000e\000\040\000R\000e\000f\000e\000r\000e\000n\000c\000e}{chapter.4}% 62
\BOOKMARK [2][-]{subsection.4.7.1}{\376\377\0004\000.\0007\000.\0001\000\040\000D\000e\000t\000a\000i\000l\000e\000d\000\040\000D\000e\000s\000c\000r\000i\000p\000t\000i\000o\000n}{section.4.7}% 63
\BOOKMARK [2][-]{subsection.4.7.2}{\376\377\0004\000.\0007\000.\0002\000\040\000F\000u\000n\000c\000t\000i\000o\000n\000\040\000D\000o\000c\000u\000m\000e\000n\000t\000a\000t\000i\000o\000n}{section.4.7}% 64
\BOOKMARK [3][-]{subsubsection.4.7.2.1}{\376\377\0004\000.\0007\000.\0002\000.\0001\000\040\000c\000a\000l\000c\000u\000l\000a\000t\000e\000D\000i\000r\000e\000c\000t\000i\000o\000n\000\050\000\051}{subsection.4.7.2}% 65
\BOOKMARK [3][-]{subsubsection.4.7.2.2}{\376\377\0004\000.\0007\000.\0002\000.\0002\000\040\000d\000i\000s\000p\000l\000a\000y\000M\000e\000s\000s\000a\000g\000e\000\050\000c\000h\000a\000r\000\040\000*\000s\000t\000r\000i\000n\000g\000\051}{subsection.4.7.2}% 66
\BOOKMARK [3][-]{subsubsection.4.7.2.3}{\376\377\0004\000.\0007\000.\0002\000.\0003\000\040\000f\000t\000o\000a\000\050\000c\000h\000a\000r\000\040\000*\000p\000,\000\040\000f\000l\000o\000a\000t\000\040\000x\000\051}{subsection.4.7.2}% 67
\BOOKMARK [3][-]{subsubsection.4.7.2.4}{\376\377\0004\000.\0007\000.\0002\000.\0004\000\040\000g\000f\000x\000B\000G\000c\000o\000l\000o\000u\000r\000\050\000i\000n\000t\000\040\000c\000o\000l\000o\000r\000\051}{subsection.4.7.2}% 68
\BOOKMARK [3][-]{subsubsection.4.7.2.5}{\376\377\0004\000.\0007\000.\0002\000.\0005\000\040\000g\000f\000x\000C\000a\000l\000c\000u\000l\000a\000t\000e\000O\000r\000b\000i\000t\000\050\000i\000n\000t\000\040\000a\000n\000g\000l\000e\000,\000\040\000i\000n\000t\000\040\000d\000i\000s\000t\000a\000n\000c\000e\000,\000\040\000i\000n\000t\000\040\000*\000x\000,\000\040\000i\000n\000t\000\040\000*\000y\000\051}{subsection.4.7.2}% 69
\BOOKMARK [3][-]{subsubsection.4.7.2.6}{\376\377\0004\000.\0007\000.\0002\000.\0006\000\040\000g\000f\000x\000D\000r\000a\000w\000C\000i\000r\000c\000l\000e\000\050\000i\000n\000t\000\040\000x\000,\000\040\000i\000n\000t\000\040\000y\000,\000\040\000i\000n\000t\000\040\000r\000a\000d\000i\000u\000s\000,\000\040\000i\000n\000t\000\040\000c\000o\000l\000o\000r\000\051}{subsection.4.7.2}% 70
\BOOKMARK [3][-]{subsubsection.4.7.2.7}{\376\377\0004\000.\0007\000.\0002\000.\0007\000\040\000g\000f\000x\000D\000r\000a\000w\000L\000i\000n\000e\000\050\000i\000n\000t\000\040\000x\0001\000,\000\040\000i\000n\000t\000\040\000y\0001\000,\000\040\000i\000n\000t\000\040\000x\0002\000,\000\040\000i\000n\000t\000\040\000y\0002\000,\000\040\000i\000n\000t\000\040\000c\000o\000l\000o\000r\000\051}{subsection.4.7.2}% 71
\BOOKMARK [3][-]{subsubsection.4.7.2.8}{\376\377\0004\000.\0007\000.\0002\000.\0008\000\040\000g\000f\000x\000M\000o\000v\000e\000O\000r\000i\000g\000i\000n\000\050\000i\000n\000t\000\040\000x\000,\000\040\000i\000n\000t\000\040\000y\000\051}{subsection.4.7.2}% 72
\BOOKMARK [3][-]{subsubsection.4.7.2.9}{\376\377\0004\000.\0007\000.\0002\000.\0009\000\040\000g\000f\000x\000P\000u\000t\000S\000t\000r\000i\000n\000g\000\050\000c\000h\000a\000r\000\040\000*\000s\000t\000r\000i\000n\000g\000\051}{subsection.4.7.2}% 73
\BOOKMARK [3][-]{subsubsection.4.7.2.10}{\376\377\0004\000.\0007\000.\0002\000.\0001\0000\000\040\000g\000f\000x\000R\000e\000c\000t\000a\000n\000g\000l\000e\000\050\000i\000n\000t\000\040\000x\0001\000,\000\040\000i\000n\000t\000\040\000y\0001\000,\000\040\000i\000n\000t\000\040\000x\0002\000,\000\040\000i\000n\000t\000\040\000y\0002\000,\000\040\000i\000n\000t\000\040\000c\000o\000l\000o\000r\000\051}{subsection.4.7.2}% 74
\BOOKMARK [3][-]{subsubsection.4.7.2.11}{\376\377\0004\000.\0007\000.\0002\000.\0001\0001\000\040\000g\000f\000x\000R\000e\000c\000t\000a\000n\000g\000l\000e\000F\000i\000l\000l\000e\000d\000\050\000i\000n\000t\000\040\000x\0001\000,\000\040\000i\000n\000t\000\040\000y\0001\000,\000\040\000i\000n\000t\000\040\000x\0002\000,\000\040\000i\000n\000t\000\040\000y\0002\000,\000\040\000i\000n\000t\000\040\000c\000o\000l\000o\000r\000\051}{subsection.4.7.2}% 75
\BOOKMARK [3][-]{subsubsection.4.7.2.12}{\376\377\0004\000.\0007\000.\0002\000.\0001\0002\000\040\000g\000f\000x\000S\000c\000r\000e\000e\000n\000M\000o\000d\000e\000\050\000i\000n\000t\000\040\000m\000o\000d\000e\000\051}{subsection.4.7.2}% 76
\BOOKMARK [3][-]{subsubsection.4.7.2.13}{\376\377\0004\000.\0007\000.\0002\000.\0001\0003\000\040\000s\000e\000n\000d\000C\000h\000a\000r\000\050\000i\000n\000t\000\040\000c\000\051}{subsection.4.7.2}% 77
\BOOKMARK [3][-]{subsubsection.4.7.2.14}{\376\377\0004\000.\0007\000.\0002\000.\0001\0004\000\040\000S\000S\000T\000i\000m\000e\000o\000u\000t\000\050\000i\000n\000t\000\040\000t\000\051}{subsection.4.7.2}% 78
\BOOKMARK [3][-]{subsubsection.4.7.2.15}{\376\377\0004\000.\0007\000.\0002\000.\0001\0005\000\040\000t\000o\000g\000g\000l\000e\000O\000L\000E\000D\000I\000n\000t\000e\000r\000r\000u\000p\000t\000\050\000u\000n\000s\000i\000g\000n\000e\000d\000\040\000i\000n\000t\000\040\000s\000t\000a\000t\000e\000\051}{subsection.4.7.2}% 79
\BOOKMARK [3][-]{subsubsection.4.7.2.16}{\376\377\0004\000.\0007\000.\0002\000.\0001\0006\000\040\000t\000x\000t\000B\000G\000C\000o\000l\000o\000r\000\050\000i\000n\000t\000\040\000c\000o\000l\000o\000r\000\051}{subsection.4.7.2}% 80
\BOOKMARK [3][-]{subsubsection.4.7.2.17}{\376\377\0004\000.\0007\000.\0002\000.\0001\0007\000\040\000t\000x\000t\000F\000G\000C\000o\000l\000o\000r\000\050\000i\000n\000t\000\040\000c\000o\000l\000o\000r\000\051}{subsection.4.7.2}% 81
\BOOKMARK [3][-]{subsubsection.4.7.2.18}{\376\377\0004\000.\0007\000.\0002\000.\0001\0008\000\040\000t\000x\000t\000W\000i\000d\000t\000h\000\050\000i\000n\000t\000\040\000m\000u\000l\000t\000i\000\051}{subsection.4.7.2}% 82
\BOOKMARK [2][-]{subsection.4.7.3}{\376\377\0004\000.\0007\000.\0003\000\040\000V\000a\000r\000i\000a\000b\000l\000e\000\040\000D\000o\000c\000u\000m\000e\000n\000t\000a\000t\000i\000o\000n}{section.4.7}% 83
\BOOKMARK [3][-]{subsubsection.4.7.3.1}{\376\377\0004\000.\0007\000.\0003\000.\0001\000\040\000d\000i\000s\000p\000l\000a\000y\000H\000a\000s\000B\000e\000e\000n\000U\000p\000d\000a\000t\000e\000d}{subsection.4.7.3}% 84
\BOOKMARK [3][-]{subsubsection.4.7.3.2}{\376\377\0004\000.\0007\000.\0003\000.\0002\000\040\000m\000o\000d\000e\000D\000i\000s\000p\000l\000a\000y}{subsection.4.7.3}% 85
\BOOKMARK [3][-]{subsubsection.4.7.3.3}{\376\377\0004\000.\0007\000.\0003\000.\0003\000\040\000o\000l\000d\000M\000o\000d\000e\000D\000i\000s\000p\000l\000a\000y}{subsection.4.7.3}% 86
\BOOKMARK [1][-]{section.4.8}{\376\377\0004\000.\0008\000\040\000o\000l\000e\000d\000.\000h\000\040\000F\000i\000l\000e\000\040\000R\000e\000f\000e\000r\000e\000n\000c\000e}{chapter.4}% 87
\BOOKMARK [2][-]{subsection.4.8.1}{\376\377\0004\000.\0008\000.\0001\000\040\000D\000e\000t\000a\000i\000l\000e\000d\000\040\000D\000e\000s\000c\000r\000i\000p\000t\000i\000o\000n}{section.4.8}% 88
\BOOKMARK [2][-]{subsection.4.8.2}{\376\377\0004\000.\0008\000.\0002\000\040\000F\000u\000n\000c\000t\000i\000o\000n\000\040\000D\000o\000c\000u\000m\000e\000n\000t\000a\000t\000i\000o\000n}{section.4.8}% 89
\BOOKMARK [3][-]{subsubsection.4.8.2.1}{\376\377\0004\000.\0008\000.\0002\000.\0001\000\040\000c\000a\000l\000c\000u\000l\000a\000t\000e\000D\000i\000r\000e\000c\000t\000i\000o\000n\000\050\000\051}{subsection.4.8.2}% 90
\BOOKMARK [3][-]{subsubsection.4.8.2.2}{\376\377\0004\000.\0008\000.\0002\000.\0002\000\040\000d\000i\000s\000p\000l\000a\000y\000M\000e\000s\000s\000a\000g\000e\000\050\000c\000h\000a\000r\000\040\000*\000s\000t\000r\000i\000n\000g\000\051}{subsection.4.8.2}% 91
\BOOKMARK [3][-]{subsubsection.4.8.2.3}{\376\377\0004\000.\0008\000.\0002\000.\0003\000\040\000f\000t\000o\000a\000\050\000c\000h\000a\000r\000\040\000*\000p\000,\000\040\000f\000l\000o\000a\000t\000\040\000x\000\051}{subsection.4.8.2}% 92
\BOOKMARK [3][-]{subsubsection.4.8.2.4}{\376\377\0004\000.\0008\000.\0002\000.\0004\000\040\000g\000f\000x\000B\000G\000c\000o\000l\000o\000u\000r\000\050\000i\000n\000t\000\040\000c\000o\000l\000o\000r\000\051}{subsection.4.8.2}% 93
\BOOKMARK [3][-]{subsubsection.4.8.2.5}{\376\377\0004\000.\0008\000.\0002\000.\0005\000\040\000g\000f\000x\000C\000a\000l\000c\000u\000l\000a\000t\000e\000O\000r\000b\000i\000t\000\050\000i\000n\000t\000\040\000a\000n\000g\000l\000e\000,\000\040\000i\000n\000t\000\040\000d\000i\000s\000t\000a\000n\000c\000e\000,\000\040\000i\000n\000t\000\040\000*\000x\000,\000\040\000i\000n\000t\000\040\000*\000y\000\051}{subsection.4.8.2}% 94
\BOOKMARK [3][-]{subsubsection.4.8.2.6}{\376\377\0004\000.\0008\000.\0002\000.\0006\000\040\000g\000f\000x\000D\000r\000a\000w\000C\000i\000r\000c\000l\000e\000\050\000i\000n\000t\000\040\000x\000,\000\040\000i\000n\000t\000\040\000y\000,\000\040\000i\000n\000t\000\040\000r\000a\000d\000i\000u\000s\000,\000\040\000i\000n\000t\000\040\000c\000o\000l\000o\000r\000\051}{subsection.4.8.2}% 95
\BOOKMARK [3][-]{subsubsection.4.8.2.7}{\376\377\0004\000.\0008\000.\0002\000.\0007\000\040\000g\000f\000x\000D\000r\000a\000w\000L\000i\000n\000e\000\050\000i\000n\000t\000\040\000x\0001\000,\000\040\000i\000n\000t\000\040\000y\0001\000,\000\040\000i\000n\000t\000\040\000x\0002\000,\000\040\000i\000n\000t\000\040\000y\0002\000,\000\040\000i\000n\000t\000\040\000c\000o\000l\000o\000r\000\051}{subsection.4.8.2}% 96
\BOOKMARK [3][-]{subsubsection.4.8.2.8}{\376\377\0004\000.\0008\000.\0002\000.\0008\000\040\000g\000f\000x\000M\000o\000v\000e\000O\000r\000i\000g\000i\000n\000\050\000i\000n\000t\000\040\000x\000,\000\040\000i\000n\000t\000\040\000y\000\051}{subsection.4.8.2}% 97
\BOOKMARK [3][-]{subsubsection.4.8.2.9}{\376\377\0004\000.\0008\000.\0002\000.\0009\000\040\000g\000f\000x\000P\000u\000t\000S\000t\000r\000i\000n\000g\000\050\000c\000h\000a\000r\000\040\000*\000s\000t\000r\000i\000n\000g\000\051}{subsection.4.8.2}% 98
\BOOKMARK [3][-]{subsubsection.4.8.2.10}{\376\377\0004\000.\0008\000.\0002\000.\0001\0000\000\040\000g\000f\000x\000R\000e\000c\000t\000a\000n\000g\000l\000e\000\050\000i\000n\000t\000\040\000x\0001\000,\000\040\000i\000n\000t\000\040\000y\0001\000,\000\040\000i\000n\000t\000\040\000x\0002\000,\000\040\000i\000n\000t\000\040\000y\0002\000,\000\040\000i\000n\000t\000\040\000c\000o\000l\000o\000r\000\051}{subsection.4.8.2}% 99
\BOOKMARK [3][-]{subsubsection.4.8.2.11}{\376\377\0004\000.\0008\000.\0002\000.\0001\0001\000\040\000g\000f\000x\000R\000e\000c\000t\000a\000n\000g\000l\000e\000F\000i\000l\000l\000e\000d\000\050\000i\000n\000t\000\040\000x\0001\000,\000\040\000i\000n\000t\000\040\000y\0001\000,\000\040\000i\000n\000t\000\040\000x\0002\000,\000\040\000i\000n\000t\000\040\000y\0002\000,\000\040\000i\000n\000t\000\040\000c\000o\000l\000o\000r\000\051}{subsection.4.8.2}% 100
\BOOKMARK [3][-]{subsubsection.4.8.2.12}{\376\377\0004\000.\0008\000.\0002\000.\0001\0002\000\040\000g\000f\000x\000S\000c\000r\000e\000e\000n\000M\000o\000d\000e\000\050\000i\000n\000t\000\040\000m\000o\000d\000e\000\051}{subsection.4.8.2}% 101
\BOOKMARK [3][-]{subsubsection.4.8.2.13}{\376\377\0004\000.\0008\000.\0002\000.\0001\0003\000\040\000s\000e\000n\000d\000C\000h\000a\000r\000\050\000i\000n\000t\000\040\000c\000\051}{subsection.4.8.2}% 102
\BOOKMARK [3][-]{subsubsection.4.8.2.14}{\376\377\0004\000.\0008\000.\0002\000.\0001\0004\000\040\000S\000S\000T\000i\000m\000e\000o\000u\000t\000\050\000i\000n\000t\000\040\000t\000\051}{subsection.4.8.2}% 103
\BOOKMARK [3][-]{subsubsection.4.8.2.15}{\376\377\0004\000.\0008\000.\0002\000.\0001\0005\000\040\000t\000o\000g\000g\000l\000e\000O\000L\000E\000D\000I\000n\000t\000e\000r\000r\000u\000p\000t\000\050\000u\000n\000s\000i\000g\000n\000e\000d\000\040\000i\000n\000t\000\040\000s\000t\000a\000t\000e\000\051}{subsection.4.8.2}% 104
\BOOKMARK [3][-]{subsubsection.4.8.2.16}{\376\377\0004\000.\0008\000.\0002\000.\0001\0006\000\040\000t\000x\000t\000B\000G\000C\000o\000l\000o\000r\000\050\000i\000n\000t\000\040\000c\000o\000l\000o\000r\000\051}{subsection.4.8.2}% 105
\BOOKMARK [3][-]{subsubsection.4.8.2.17}{\376\377\0004\000.\0008\000.\0002\000.\0001\0007\000\040\000t\000x\000t\000F\000G\000C\000o\000l\000o\000r\000\050\000i\000n\000t\000\040\000c\000o\000l\000o\000r\000\051}{subsection.4.8.2}% 106
\BOOKMARK [3][-]{subsubsection.4.8.2.18}{\376\377\0004\000.\0008\000.\0002\000.\0001\0008\000\040\000t\000x\000t\000W\000i\000d\000t\000h\000\050\000i\000n\000t\000\040\000m\000u\000l\000t\000i\000\051}{subsection.4.8.2}% 107
\BOOKMARK [2][-]{subsection.4.8.3}{\376\377\0004\000.\0008\000.\0003\000\040\000V\000a\000r\000i\000a\000b\000l\000e\000\040\000D\000o\000c\000u\000m\000e\000n\000t\000a\000t\000i\000o\000n}{section.4.8}% 108
\BOOKMARK [3][-]{subsubsection.4.8.3.1}{\376\377\0004\000.\0008\000.\0003\000.\0001\000\040\000d\000i\000s\000p\000l\000a\000y\000H\000a\000s\000B\000e\000e\000n\000U\000p\000d\000a\000t\000e\000d}{subsection.4.8.3}% 109
\BOOKMARK [3][-]{subsubsection.4.8.3.2}{\376\377\0004\000.\0008\000.\0003\000.\0002\000\040\000m\000o\000d\000e\000D\000i\000s\000p\000l\000a\000y}{subsection.4.8.3}% 110
\BOOKMARK [3][-]{subsubsection.4.8.3.3}{\376\377\0004\000.\0008\000.\0003\000.\0003\000\040\000o\000l\000d\000M\000o\000d\000e\000D\000i\000s\000p\000l\000a\000y}{subsection.4.8.3}% 111
\BOOKMARK [1][-]{section.4.9}{\376\377\0004\000.\0009\000\040\000p\000a\000d\000.\000c\000\040\000F\000i\000l\000e\000\040\000R\000e\000f\000e\000r\000e\000n\000c\000e}{chapter.4}% 112
\BOOKMARK [2][-]{subsection.4.9.1}{\376\377\0004\000.\0009\000.\0001\000\040\000D\000e\000t\000a\000i\000l\000e\000d\000\040\000D\000e\000s\000c\000r\000i\000p\000t\000i\000o\000n}{section.4.9}% 113
\BOOKMARK [2][-]{subsection.4.9.2}{\376\377\0004\000.\0009\000.\0002\000\040\000F\000u\000n\000c\000t\000i\000o\000n\000\040\000D\000o\000c\000u\000m\000e\000n\000t\000a\000t\000i\000o\000n}{section.4.9}% 114
\BOOKMARK [3][-]{subsubsection.4.9.2.1}{\376\377\0004\000.\0009\000.\0002\000.\0001\000\040\000i\000n\000i\000t\000P\000A\000D\000\050\000v\000o\000i\000d\000\051}{subsection.4.9.2}% 115
\BOOKMARK [1][-]{section.4.10}{\376\377\0004\000.\0001\0000\000\040\000p\000a\000d\000.\000h\000\040\000F\000i\000l\000e\000\040\000R\000e\000f\000e\000r\000e\000n\000c\000e}{chapter.4}% 116
\BOOKMARK [2][-]{subsection.4.10.1}{\376\377\0004\000.\0001\0000\000.\0001\000\040\000D\000e\000t\000a\000i\000l\000e\000d\000\040\000D\000e\000s\000c\000r\000i\000p\000t\000i\000o\000n}{section.4.10}% 117
\BOOKMARK [2][-]{subsection.4.10.2}{\376\377\0004\000.\0001\0000\000.\0002\000\040\000F\000u\000n\000c\000t\000i\000o\000n\000\040\000D\000o\000c\000u\000m\000e\000n\000t\000a\000t\000i\000o\000n}{section.4.10}% 118
\BOOKMARK [3][-]{subsubsection.4.10.2.1}{\376\377\0004\000.\0001\0000\000.\0002\000.\0001\000\040\000i\000n\000i\000t\000P\000A\000D\000\050\000v\000o\000i\000d\000\051}{subsection.4.10.2}% 119
\BOOKMARK [1][-]{section.4.11}{\376\377\0004\000.\0001\0001\000\040\000p\000a\000r\000s\000e\000r\000\137\000n\000m\000e\000a\000.\000c\000\040\000F\000i\000l\000e\000\040\000R\000e\000f\000e\000r\000e\000n\000c\000e}{chapter.4}% 120
\BOOKMARK [2][-]{subsection.4.11.1}{\376\377\0004\000.\0001\0001\000.\0001\000\040\000D\000e\000t\000a\000i\000l\000e\000d\000\040\000D\000e\000s\000c\000r\000i\000p\000t\000i\000o\000n}{section.4.11}% 121
\BOOKMARK [2][-]{subsection.4.11.2}{\376\377\0004\000.\0001\0001\000.\0002\000\040\000F\000u\000n\000c\000t\000i\000o\000n\000\040\000D\000o\000c\000u\000m\000e\000n\000t\000a\000t\000i\000o\000n}{section.4.11}% 122
\BOOKMARK [3][-]{subsubsection.4.11.2.1}{\376\377\0004\000.\0001\0001\000.\0002\000.\0001\000\040\000h\000e\000x\0002\000i\000n\000t\000\050\000c\000h\000a\000r\000\040\000c\000\051}{subsection.4.11.2}% 123
\BOOKMARK [3][-]{subsubsection.4.11.2.2}{\376\377\0004\000.\0001\0001\000.\0002\000.\0002\000\040\000n\000m\000e\000a\000c\000h\000e\000c\000k\000\050\000c\000o\000n\000s\000t\000\040\000c\000h\000a\000r\000\040\000*\000s\000e\000n\000t\000e\000n\000c\000e\000,\000\040\000i\000n\000t\000\040\000s\000t\000r\000i\000c\000t\000\051}{subsection.4.11.2}% 124
\BOOKMARK [3][-]{subsubsection.4.11.2.3}{\376\377\0004\000.\0001\0001\000.\0002\000.\0003\000\040\000n\000m\000e\000a\000i\000s\000f\000i\000e\000l\000d\000\050\000c\000h\000a\000r\000\040\000c\000\051}{subsection.4.11.2}% 125
\BOOKMARK [3][-]{subsubsection.4.11.2.4}{\376\377\0004\000.\0001\0001\000.\0002\000.\0004\000\040\000n\000m\000e\000a\000p\000a\000r\000s\000e\000g\000g\000a\000\050\000s\000t\000r\000u\000c\000t\000\040\000n\000m\000e\000a\000s\000e\000n\000t\000e\000n\000c\000e\000g\000g\000a\000\040\000*\000f\000r\000a\000m\000e\000,\000\040\000c\000o\000n\000s\000t\000\040\000c\000h\000a\000r\000\040\000*\000s\000e\000n\000t\000e\000n\000c\000e\000\051}{subsection.4.11.2}% 126
\BOOKMARK [3][-]{subsubsection.4.11.2.5}{\376\377\0004\000.\0001\0001\000.\0002\000.\0005\000\040\000n\000m\000e\000a\000p\000a\000r\000s\000e\000r\000m\000c\000\050\000s\000t\000r\000u\000c\000t\000\040\000n\000m\000e\000a\000s\000e\000n\000t\000e\000n\000c\000e\000r\000m\000c\000\040\000*\000f\000r\000a\000m\000e\000,\000\040\000c\000o\000n\000s\000t\000\040\000c\000h\000a\000r\000\040\000*\000s\000e\000n\000t\000e\000n\000c\000e\000\051}{subsection.4.11.2}% 127
\BOOKMARK [3][-]{subsubsection.4.11.2.6}{\376\377\0004\000.\0001\0001\000.\0002\000.\0006\000\040\000n\000m\000e\000a\000s\000c\000a\000n\000\050\000c\000o\000n\000s\000t\000\040\000c\000h\000a\000r\000\040\000*\000s\000e\000n\000t\000e\000n\000c\000e\000,\000\040\000c\000o\000n\000s\000t\000\040\000c\000h\000a\000r\000\040\000*\000f\000o\000r\000m\000a\000t\000,\000.\000.\000.\000\051}{subsection.4.11.2}% 128
\BOOKMARK [3][-]{subsubsection.4.11.2.7}{\376\377\0004\000.\0001\0001\000.\0002\000.\0007\000\040\000n\000m\000e\000a\000s\000e\000n\000t\000e\000n\000c\000e\000i\000d\000\050\000c\000h\000a\000r\000\040\000*\000s\000e\000n\000t\000e\000n\000c\000e\000\051}{subsection.4.11.2}% 129
\BOOKMARK [1][-]{section.4.12}{\376\377\0004\000.\0001\0002\000\040\000p\000a\000r\000s\000e\000r\000\137\000n\000m\000e\000a\000.\000h\000\040\000F\000i\000l\000e\000\040\000R\000e\000f\000e\000r\000e\000n\000c\000e}{chapter.4}% 130
\BOOKMARK [2][-]{subsection.4.12.1}{\376\377\0004\000.\0001\0002\000.\0001\000\040\000D\000e\000t\000a\000i\000l\000e\000d\000\040\000D\000e\000s\000c\000r\000i\000p\000t\000i\000o\000n}{section.4.12}% 131
\BOOKMARK [2][-]{subsection.4.12.2}{\376\377\0004\000.\0001\0002\000.\0002\000\040\000T\000y\000p\000e\000d\000e\000f\000\040\000D\000o\000c\000u\000m\000e\000n\000t\000a\000t\000i\000o\000n}{section.4.12}% 132
\BOOKMARK [3][-]{subsubsection.4.12.2.1}{\376\377\0004\000.\0001\0002\000.\0002\000.\0001\000\040\000n\000m\000e\000a\000s\000e\000n\000t\000e\000n\000c\000e\000g\000g\000a}{subsection.4.12.2}% 133
\BOOKMARK [3][-]{subsubsection.4.12.2.2}{\376\377\0004\000.\0001\0002\000.\0002\000.\0002\000\040\000n\000m\000e\000a\000s\000e\000n\000t\000e\000n\000c\000e\000r\000m\000c}{subsection.4.12.2}% 134
\BOOKMARK [2][-]{subsection.4.12.3}{\376\377\0004\000.\0001\0002\000.\0003\000\040\000E\000n\000u\000m\000e\000r\000a\000t\000i\000o\000n\000\040\000T\000y\000p\000e\000\040\000D\000o\000c\000u\000m\000e\000n\000t\000a\000t\000i\000o\000n}{section.4.12}% 135
\BOOKMARK [3][-]{subsubsection.4.12.3.1}{\376\377\0004\000.\0001\0002\000.\0003\000.\0001\000\040\000n\000m\000e\000a\000s\000e\000n\000t\000e\000n\000c\000e\000i\000d}{subsection.4.12.3}% 136
\BOOKMARK [2][-]{subsection.4.12.4}{\376\377\0004\000.\0001\0002\000.\0004\000\040\000F\000u\000n\000c\000t\000i\000o\000n\000\040\000D\000o\000c\000u\000m\000e\000n\000t\000a\000t\000i\000o\000n}{section.4.12}% 137
\BOOKMARK [3][-]{subsubsection.4.12.4.1}{\376\377\0004\000.\0001\0002\000.\0004\000.\0001\000\040\000h\000e\000x\0002\000i\000n\000t\000\050\000c\000h\000a\000r\000\040\000c\000\051}{subsection.4.12.4}% 138
\BOOKMARK [3][-]{subsubsection.4.12.4.2}{\376\377\0004\000.\0001\0002\000.\0004\000.\0002\000\040\000n\000m\000e\000a\000c\000h\000e\000c\000k\000\050\000c\000o\000n\000s\000t\000\040\000c\000h\000a\000r\000\040\000*\000s\000e\000n\000t\000e\000n\000c\000e\000,\000\040\000i\000n\000t\000\040\000s\000t\000r\000i\000c\000t\000\051}{subsection.4.12.4}% 139
\BOOKMARK [3][-]{subsubsection.4.12.4.3}{\376\377\0004\000.\0001\0002\000.\0004\000.\0003\000\040\000n\000m\000e\000a\000i\000s\000f\000i\000e\000l\000d\000\050\000c\000h\000a\000r\000\040\000c\000\051}{subsection.4.12.4}% 140
\BOOKMARK [3][-]{subsubsection.4.12.4.4}{\376\377\0004\000.\0001\0002\000.\0004\000.\0004\000\040\000n\000m\000e\000a\000p\000a\000r\000s\000e\000g\000g\000a\000\050\000n\000m\000e\000a\000s\000e\000n\000t\000e\000n\000c\000e\000g\000g\000a\000\040\000*\000f\000r\000a\000m\000e\000,\000\040\000c\000o\000n\000s\000t\000\040\000c\000h\000a\000r\000\040\000*\000s\000e\000n\000t\000e\000n\000c\000e\000\051}{subsection.4.12.4}% 141
\BOOKMARK [3][-]{subsubsection.4.12.4.5}{\376\377\0004\000.\0001\0002\000.\0004\000.\0005\000\040\000n\000m\000e\000a\000p\000a\000r\000s\000e\000r\000m\000c\000\050\000n\000m\000e\000a\000s\000e\000n\000t\000e\000n\000c\000e\000r\000m\000c\000\040\000*\000f\000r\000a\000m\000e\000,\000\040\000c\000o\000n\000s\000t\000\040\000c\000h\000a\000r\000\040\000*\000s\000e\000n\000t\000e\000n\000c\000e\000\051}{subsection.4.12.4}% 142
\BOOKMARK [3][-]{subsubsection.4.12.4.6}{\376\377\0004\000.\0001\0002\000.\0004\000.\0006\000\040\000n\000m\000e\000a\000s\000c\000a\000n\000\050\000c\000o\000n\000s\000t\000\040\000c\000h\000a\000r\000\040\000*\000s\000e\000n\000t\000e\000n\000c\000e\000,\000\040\000c\000o\000n\000s\000t\000\040\000c\000h\000a\000r\000\040\000*\000f\000o\000r\000m\000a\000t\000,\000.\000.\000.\000\051}{subsection.4.12.4}% 143
\BOOKMARK [3][-]{subsubsection.4.12.4.7}{\376\377\0004\000.\0001\0002\000.\0004\000.\0007\000\040\000n\000m\000e\000a\000s\000e\000n\000t\000e\000n\000c\000e\000i\000d\000\050\000c\000h\000a\000r\000\040\000*\000s\000e\000n\000t\000e\000n\000c\000e\000\051}{subsection.4.12.4}% 144
\BOOKMARK [0][-]{section*.146}{\376\377\000I\000n\000d\000e\000x}{}% 145
